<?xml version="1.0" encoding="UTF-8"?>
<!-- Generated by org.testng.reporters.JUnitReportReporter -->
<testsuite skipped="0" hostname="F9XG882" name="com.Keyword.App" tests="1" failures="0" timestamp="26 Dec 2018 19:27:23 GMT" time="0.016" errors="0">
  <testcase name="QA" time="0.016" classname="com.Keyword.App"/>
</testsuite> <!-- com.Keyword.App -->
